<?xml version="1.0" encoding="UTF-8"?>
<!-- Generated by org.testng.reporters.JUnitXMLReporter -->
<testsuite hostname="srirams-MBP" ignored="0" name="Default test" tests="3" failures="0" timestamp="2022-08-27T14:57:59 IST" time="19.309" errors="0">
  <testcase name="clipBoard" time="4.754" classname="AppiumJava2022.AppiumJava2022.TheAppLogin"/>
  <testcase name="login" time="5.245" classname="AppiumJava2022.AppiumJava2022.TheAppLogin"/>
  <testcase name="picker" time="9.288" classname="AppiumJava2022.AppiumJava2022.TheAppLogin"/>
</testsuite> <!-- Default test -->
