<?xml version="1.0" encoding="UTF-8"?>
<!-- Generated by org.testng.reporters.JUnitXMLReporter -->
<testsuite hostname="srirams-MBP" ignored="0" name="Default test" tests="3" failures="0" timestamp="2022-09-03T10:47:17 IST" time="18.129" errors="0">
  <testcase name="clipBoard" time="4.676" classname="AppiumJava2022.AppiumJava2022.StartAppiumFrmCode"/>
  <testcase name="login" time="5.199" classname="AppiumJava2022.AppiumJava2022.StartAppiumFrmCode"/>
  <testcase name="picker" time="8.229" classname="AppiumJava2022.AppiumJava2022.StartAppiumFrmCode"/>
</testsuite> <!-- Default test -->
